<?xml version="1.0" encoding="UTF-8"?>
<testsuites>
  <testsuite name="" tests="17" assertions="27" errors="0" warnings="0" failures="0" skipped="0" time="2.660380">
    <testsuite name="Unit" tests="1" assertions="1" errors="0" warnings="0" failures="0" skipped="0" time="0.002337">
      <testsuite name="Tests\Unit\ExampleTest" file="/home/student/php_2021_sklep_internetowy_z_obuwiem/Project_PHP/project/tests/Unit/ExampleTest.php" tests="1" assertions="1" errors="0" warnings="0" failures="0" skipped="0" time="0.002337">
        <testcase name="test_example" class="Tests\Unit\ExampleTest" classname="Tests.Unit.ExampleTest" file="/home/student/php_2021_sklep_internetowy_z_obuwiem/Project_PHP/project/tests/Unit/ExampleTest.php" line="14" assertions="1" time="0.002337"/>
      </testsuite>
    </testsuite>
    <testsuite name="Feature" tests="16" assertions="26" errors="0" warnings="0" failures="0" skipped="0" time="2.658044">
      <testsuite name="Tests\Feature\Auth\AuthenticationTest" file="/home/student/php_2021_sklep_internetowy_z_obuwiem/Project_PHP/project/tests/Feature/Auth/AuthenticationTest.php" tests="3" assertions="5" errors="0" warnings="0" failures="0" skipped="0" time="1.369532">
        <testcase name="test_login_screen_can_be_rendered" class="Tests\Feature\Auth\AuthenticationTest" classname="Tests.Feature.Auth.AuthenticationTest" file="/home/student/php_2021_sklep_internetowy_z_obuwiem/Project_PHP/project/tests/Feature/Auth/AuthenticationTest.php" line="15" assertions="1" time="1.021225"/>
        <testcase name="test_users_can_authenticate_using_the_login_screen" class="Tests\Feature\Auth\AuthenticationTest" classname="Tests.Feature.Auth.AuthenticationTest" file="/home/student/php_2021_sklep_internetowy_z_obuwiem/Project_PHP/project/tests/Feature/Auth/AuthenticationTest.php" line="22" assertions="3" time="0.180438"/>
        <testcase name="test_users_can_not_authenticate_with_invalid_password" class="Tests\Feature\Auth\AuthenticationTest" classname="Tests.Feature.Auth.AuthenticationTest" file="/home/student/php_2021_sklep_internetowy_z_obuwiem/Project_PHP/project/tests/Feature/Auth/AuthenticationTest.php" line="36" assertions="1" time="0.167869"/>
      </testsuite>
      <testsuite name="Tests\Feature\Auth\EmailVerificationTest" file="/home/student/php_2021_sklep_internetowy_z_obuwiem/Project_PHP/project/tests/Feature/Auth/EmailVerificationTest.php" tests="3" assertions="6" errors="0" warnings="0" failures="0" skipped="0" time="0.209015">
        <testcase name="test_email_verification_screen_can_be_rendered" class="Tests\Feature\Auth\EmailVerificationTest" classname="Tests.Feature.Auth.EmailVerificationTest" file="/home/student/php_2021_sklep_internetowy_z_obuwiem/Project_PHP/project/tests/Feature/Auth/EmailVerificationTest.php" line="18" assertions="1" time="0.077790"/>
        <testcase name="test_email_can_be_verified" class="Tests\Feature\Auth\EmailVerificationTest" classname="Tests.Feature.Auth.EmailVerificationTest" file="/home/student/php_2021_sklep_internetowy_z_obuwiem/Project_PHP/project/tests/Feature/Auth/EmailVerificationTest.php" line="30" assertions="4" time="0.064541"/>
        <testcase name="test_email_is_not_verified_with_invalid_hash" class="Tests\Feature\Auth\EmailVerificationTest" classname="Tests.Feature.Auth.EmailVerificationTest" file="/home/student/php_2021_sklep_internetowy_z_obuwiem/Project_PHP/project/tests/Feature/Auth/EmailVerificationTest.php" line="52" assertions="1" time="0.066684"/>
      </testsuite>
      <testsuite name="Tests\Feature\Auth\PasswordConfirmationTest" file="/home/student/php_2021_sklep_internetowy_z_obuwiem/Project_PHP/project/tests/Feature/Auth/PasswordConfirmationTest.php" tests="3" assertions="4" errors="0" warnings="0" failures="0" skipped="0" time="0.463554">
        <testcase name="test_confirm_password_screen_can_be_rendered" class="Tests\Feature\Auth\PasswordConfirmationTest" classname="Tests.Feature.Auth.PasswordConfirmationTest" file="/home/student/php_2021_sklep_internetowy_z_obuwiem/Project_PHP/project/tests/Feature/Auth/PasswordConfirmationTest.php" line="14" assertions="1" time="0.093539"/>
        <testcase name="test_password_can_be_confirmed" class="Tests\Feature\Auth\PasswordConfirmationTest" classname="Tests.Feature.Auth.PasswordConfirmationTest" file="/home/student/php_2021_sklep_internetowy_z_obuwiem/Project_PHP/project/tests/Feature/Auth/PasswordConfirmationTest.php" line="24" assertions="2" time="0.193197"/>
        <testcase name="test_password_is_not_confirmed_with_invalid_password" class="Tests\Feature\Auth\PasswordConfirmationTest" classname="Tests.Feature.Auth.PasswordConfirmationTest" file="/home/student/php_2021_sklep_internetowy_z_obuwiem/Project_PHP/project/tests/Feature/Auth/PasswordConfirmationTest.php" line="37" assertions="1" time="0.176818"/>
      </testsuite>
      <testsuite name="Tests\Feature\Auth\PasswordResetTest" file="/home/student/php_2021_sklep_internetowy_z_obuwiem/Project_PHP/project/tests/Feature/Auth/PasswordResetTest.php" tests="4" assertions="6" errors="0" warnings="0" failures="0" skipped="0" time="0.382583">
        <testcase name="test_reset_password_link_screen_can_be_rendered" class="Tests\Feature\Auth\PasswordResetTest" classname="Tests.Feature.Auth.PasswordResetTest" file="/home/student/php_2021_sklep_internetowy_z_obuwiem/Project_PHP/project/tests/Feature/Auth/PasswordResetTest.php" line="16" assertions="1" time="0.067428"/>
        <testcase name="test_reset_password_link_can_be_requested" class="Tests\Feature\Auth\PasswordResetTest" classname="Tests.Feature.Auth.PasswordResetTest" file="/home/student/php_2021_sklep_internetowy_z_obuwiem/Project_PHP/project/tests/Feature/Auth/PasswordResetTest.php" line="24" assertions="1" time="0.081738"/>
        <testcase name="test_reset_password_screen_can_be_rendered" class="Tests\Feature\Auth\PasswordResetTest" classname="Tests.Feature.Auth.PasswordResetTest" file="/home/student/php_2021_sklep_internetowy_z_obuwiem/Project_PHP/project/tests/Feature/Auth/PasswordResetTest.php" line="37" assertions="2" time="0.118174"/>
        <testcase name="test_password_can_be_reset_with_valid_token" class="Tests\Feature\Auth\PasswordResetTest" classname="Tests.Feature.Auth.PasswordResetTest" file="/home/student/php_2021_sklep_internetowy_z_obuwiem/Project_PHP/project/tests/Feature/Auth/PasswordResetTest.php" line="56" assertions="2" time="0.115243"/>
      </testsuite>
      <testsuite name="Tests\Feature\Auth\RegistrationTest" file="/home/student/php_2021_sklep_internetowy_z_obuwiem/Project_PHP/project/tests/Feature/Auth/RegistrationTest.php" tests="2" assertions="4" errors="0" warnings="0" failures="0" skipped="0" time="0.174388">
        <testcase name="test_registration_screen_can_be_rendered" class="Tests\Feature\Auth\RegistrationTest" classname="Tests.Feature.Auth.RegistrationTest" file="/home/student/php_2021_sklep_internetowy_z_obuwiem/Project_PHP/project/tests/Feature/Auth/RegistrationTest.php" line="14" assertions="1" time="0.081660"/>
        <testcase name="test_new_users_can_register" class="Tests\Feature\Auth\RegistrationTest" classname="Tests.Feature.Auth.RegistrationTest" file="/home/student/php_2021_sklep_internetowy_z_obuwiem/Project_PHP/project/tests/Feature/Auth/RegistrationTest.php" line="21" assertions="3" time="0.092728"/>
      </testsuite>
      <testsuite name="Tests\Feature\ExampleTest" file="/home/student/php_2021_sklep_internetowy_z_obuwiem/Project_PHP/project/tests/Feature/ExampleTest.php" tests="1" assertions="1" errors="0" warnings="0" failures="0" skipped="0" time="0.058972">
        <testcase name="test_example" class="Tests\Feature\ExampleTest" classname="Tests.Feature.ExampleTest" file="/home/student/php_2021_sklep_internetowy_z_obuwiem/Project_PHP/project/tests/Feature/ExampleTest.php" line="15" assertions="1" time="0.058972"/>
      </testsuite>
    </testsuite>
  </testsuite>
</testsuites>
